# JRE version: OpenJDK Runtime Environment Temurin-17.0.7+7 (17.0.7+7) (build 17.0.7+7)
# Java VM: OpenJDK 64-Bit Server VM Temurin-17.0.7+7 (17.0.7+7, mixed mode, emulated-client, tiered, compressed oops, compressed class ptrs, g1 gc, windows-amd64)
GC Precious Log:
 CPUs: 4 total, 4 available
 Memory: 8099M
 Large Page Support: Disabled
 NUMA Support: Disabled
 Compressed Oops: Enabled (32-bit)
 Heap Region Size: 1M
 Heap Min Capacity: 8M
 Heap Initial Capacity: 128M
 Heap Max Capacity: 2026M
 Pre-touch: Disabled
 Parallel Workers: 4
 Concurrent Workers: 1
 Concurrent Refinement Workers: 4
 Periodic GC: Disabled
Heap:
 garbage-first heap   total 60416K, used 31587K [0x0000000081600000, 0x0000000100000000)
  region size 1024K, 1 young (1024K), 1 survivors (1024K)
 Metaspace       used 84692K, committed 85312K, reserved 1179648K
  class space    used 11895K, committed 12160K, reserved 1048576K
GC Heap History (20 events):
Event: 86255.953 GC heap after
{Heap after GC invocations=107 (full 0):
 garbage-first heap   total 60416K, used 32085K [0x0000000081600000, 0x0000000100000000)
  region size 1024K, 1 young (1024K), 1 survivors (1024K)
 Metaspace       used 84692K, committed 85312K, reserved 1179648K
  class space    used 11895K, committed 12160K, reserved 1048576K
}
Event: 86273.633 GC heap before
{Heap before GC invocations=108 (full 0):
 garbage-first heap   total 60416K, used 32085K [0x0000000081600000, 0x0000000100000000)
  region size 1024K, 2 young (2048K), 1 survivors (1024K)
 Metaspace       used 84692K, committed 85312K, reserved 1179648K
  class space    used 11895K, committed 12160K, reserved 1048576K
}
Event: 86273.709 GC heap after
{Heap after GC invocations=109 (full 0):
 garbage-first heap   total 60416K, used 31989K [0x0000000081600000, 0x0000000100000000)
  region size 1024K, 1 young (1024K), 1 survivors (1024K)
 Metaspace       used 84692K, committed 85312K, reserved 1179648K
  class space    used 11895K, committed 12160K, reserved 1048576K
}
Event: 86273.810 GC heap before
{Heap before GC invocations=109 (full 0):
 garbage-first heap   total 60416K, used 33013K [0x0000000081600000, 0x0000000100000000)
  region size 1024K, 2 young (2048K), 1 survivors (1024K)
 Metaspace       used 84692K, committed 85312K, reserved 1179648K
  class space    used 11895K, committed 12160K, reserved 1048576K
}
Event: 86273.959 GC heap after
{Heap after GC invocations=110 (full 0):
 garbage-first heap   total 60416K, used 31604K [0x0000000081600000, 0x0000000100000000)
  region size 1024K, 1 young (1024K), 1 survivors (1024K)
 Metaspace       used 84692K, committed 85312K, reserved 1179648K
  class space    used 11895K, committed 12160K, reserved 1048576K
}
Event: 86274.119 GC heap before
{Heap before GC invocations=110 (full 0):
 garbage-first heap   total 60416K, used 32628K [0x0000000081600000, 0x0000000100000000)
  region size 1024K, 2 young (2048K), 1 survivors (1024K)
 Metaspace       used 84692K, committed 85312K, reserved 1179648K
  class space    used 11895K, committed 12160K, reserved 1048576K
}
Event: 86274.120 GC heap after
{Heap after GC invocations=111 (full 0):
 garbage-first heap   total 60416K, used 31617K [0x0000000081600000, 0x0000000100000000)
  region size 1024K, 1 young (1024K), 1 survivors (1024K)
 Metaspace       used 84692K, committed 85312K, reserved 1179648K
  class space    used 11895K, committed 12160K, reserved 1048576K
}
Event: 86274.541 GC heap before
{Heap before GC invocations=112 (full 0):
 garbage-first heap   total 60416K, used 32641K [0x0000000081600000, 0x0000000100000000)
  region size 1024K, 2 young (2048K), 1 survivors (1024K)
 Metaspace       used 84692K, committed 85312K, reserved 1179648K
  class space    used 11895K, committed 12160K, reserved 1048576K
}
Event: 86274.542 GC heap after
{Heap after GC invocations=113 (full 0):
 garbage-first heap   total 60416K, used 31799K [0x0000000081600000, 0x0000000100000000)
  region size 1024K, 1 young (1024K), 1 survivors (1024K)
 Metaspace       used 84692K, committed 85312K, reserved 1179648K
  class space    used 11895K, committed 12160K, reserved 1048576K
}
Event: 87260.985 GC heap before
{Heap before GC invocations=113 (full 0):
 garbage-first heap   total 60416K, used 32823K [0x0000000081600000, 0x0000000100000000)
  region size 1024K, 2 young (2048K), 1 survivors (1024K)
 Metaspace       used 84692K, committed 85312K, reserved 1179648K
  class space    used 11895K, committed 12160K, reserved 1048576K
}
Event: 87261.119 GC heap after
{Heap after GC invocations=114 (full 0):
 garbage-first heap   total 60416K, used 31486K [0x0000000081600000, 0x0000000100000000)
  region size 1024K, 1 young (1024K), 1 survivors (1024K)
 Metaspace       used 84692K, committed 85312K, reserved 1179648K
  class space    used 11895K, committed 12160K, reserved 1048576K
}
Event: 88038.578 GC heap before
{Heap before GC invocations=114 (full 0):
 garbage-first heap   total 60416K, used 32510K [0x0000000081600000, 0x0000000100000000)
  region size 1024K, 2 young (2048K), 1 survivors (1024K)
 Metaspace       used 84692K, committed 85312K, reserved 1179648K
  class space    used 11895K, committed 12160K, reserved 1048576K
}
Event: 88038.959 GC heap after
{Heap after GC invocations=115 (full 0):
 garbage-first heap   total 60416K, used 31584K [0x0000000081600000, 0x0000000100000000)
  region size 1024K, 1 young (1024K), 1 survivors (1024K)
 Metaspace       used 84692K, committed 85312K, reserved 1179648K
  class space    used 11895K, committed 12160K, reserved 1048576K
}
Event: 88069.114 GC heap before
{Heap before GC invocations=115 (full 0):
 garbage-first heap   total 60416K, used 32608K [0x0000000081600000, 0x0000000100000000)
  region size 1024K, 2 young (2048K), 1 survivors (1024K)
 Metaspace       used 84682K, committed 85312K, reserved 1179648K
  class space    used 11893K, committed 12160K, reserved 1048576K
}
Event: 88069.116 GC heap after
{Heap after GC invocations=116 (full 0):
 garbage-first heap   total 60416K, used 31655K [0x0000000081600000, 0x0000000100000000)
  region size 1024K, 1 young (1024K), 1 survivors (1024K)
 Metaspace       used 84682K, committed 85312K, reserved 1179648K
  class space    used 11893K, committed 12160K, reserved 1048576K
}
Event: 88069.791 GC heap before
{Heap before GC invocations=117 (full 0):
 garbage-first heap   total 60416K, used 32679K [0x0000000081600000, 0x0000000100000000)
  region size 1024K, 2 young (2048K), 1 survivors (1024K)
 Metaspace       used 84692K, committed 85312K, reserved 1179648K
  class space    used 11895K, committed 12160K, reserved 1048576K
}
Event: 88069.814 GC heap after
{Heap after GC invocations=118 (full 0):
 garbage-first heap   total 60416K, used 31795K [0x0000000081600000, 0x0000000100000000)
  region size 1024K, 1 young (1024K), 1 survivors (1024K)
 Metaspace       used 84692K, committed 85312K, reserved 1179648K
  class space    used 11895K, committed 12160K, reserved 1048576K
}
Event: 88070.291 GC heap before
{Heap before GC invocations=118 (full 0):
 garbage-first heap   total 60416K, used 32819K [0x0000000081600000, 0x0000000100000000)
  region size 1024K, 2 young (2048K), 1 survivors (1024K)
 Metaspace       used 84692K, committed 85312K, reserved 1179648K
  class space    used 11895K, committed 12160K, reserved 1048576K
}
Event: 88070.314 GC heap after
{Heap after GC invocations=119 (full 0):
 garbage-first heap   total 60416K, used 31490K [0x0000000081600000, 0x0000000100000000)
  region size 1024K, 1 young (1024K), 1 survivors (1024K)
 Metaspace       used 84692K, committed 85312K, reserved 1179648K
  class space    used 11895K, committed 12160K, reserved 1048576K
}
Event: 89298.299 GC heap before
{Heap before GC invocations=119 (full 0):
 garbage-first heap   total 60416K, used 32514K [0x0000000081600000, 0x0000000100000000)
  region size 1024K, 2 young (2048K), 1 survivors (1024K)
 Metaspace       used 84692K, committed 85312K, reserved 1179648K
  class space    used 11895K, committed 12160K, reserved 1048576K
}

